<?xml version="1.0" encoding="UTF-8"?>
<testng-results ignored="0" total="1" passed="1" failed="0" skipped="0">
  <reporter-output>
  </reporter-output>
  <suite started-at="2020-07-23T21:26:55 PET" name="Default suite" finished-at="2020-07-23T21:27:07 PET" duration-ms="11996">
    <groups>
    </groups>
    <test started-at="2020-07-23T21:26:55 PET" name="Default test" finished-at="2020-07-23T21:27:07 PET" duration-ms="11996">
      <class name="test.LoginTest">
        <test-method is-config="true" signature="setUp()[pri:0, instance:test.LoginTest@7d3a22a9]" started-at="2020-07-23T21:26:55 PET" name="setUp" finished-at="2020-07-23T21:27:00 PET" duration-ms="4978" status="PASS">
          <reporter-output>
          </reporter-output>
        </test-method> <!-- setUp -->
        <test-method signature="Login()[pri:0, instance:test.LoginTest@7d3a22a9]" started-at="2020-07-23T21:27:00 PET" name="Login" finished-at="2020-07-23T21:27:06 PET" duration-ms="6138" status="PASS">
          <reporter-output>
          </reporter-output>
        </test-method> <!-- Login -->
        <test-method is-config="true" signature="closeBrowser()[pri:0, instance:test.LoginTest@7d3a22a9]" started-at="2020-07-23T21:27:06 PET" name="closeBrowser" finished-at="2020-07-23T21:27:07 PET" duration-ms="835" status="PASS">
          <reporter-output>
          </reporter-output>
        </test-method> <!-- closeBrowser -->
      </class> <!-- test.LoginTest -->
    </test> <!-- Default test -->
  </suite> <!-- Default suite -->
</testng-results>
